<?xml version="1.0" encoding="UTF-8"?>
<robot generator="Robot 7.1.1 (Python 3.13.0 on win32)" generated="2024-12-19T14:22:11.723715" rpa="false" schemaversion="5">
<suite id="s1" name="Form" source="C:\Users\mosol\OneDrive\Documentos\GitHub\Robot-Framework-Studies\Robot-Framework\Aula03\form.robot">
<test id="s1-t1" name="Cenário 1: Preencher formulário" line="31">
<kw name="Abrir navegador e acessar o site">
<kw name="Open Browser" owner="SeleniumLibrary">
<msg time="2024-12-19T14:22:19.010609" level="INFO">Opening browser 'chrome' to base url 'https://itera-qa.azurewebsites.net/home/automation'.</msg>
<msg time="2024-12-19T14:22:46.123563" level="INFO" html="true">&lt;/td&gt;&lt;/tr&gt;&lt;tr&gt;&lt;td colspan="3"&gt;&lt;a href="selenium-screenshot-1.png"&gt;&lt;img src="selenium-screenshot-1.png" width="800px"&gt;&lt;/a&gt;</msg>
<msg time="2024-12-19T14:22:46.124418" level="FAIL">WebDriverException: Message: unknown error: net::ERR_NAME_NOT_RESOLVED
  (Session info: chrome=131.0.6778.204)
Stacktrace:
	GetHandleVerifier [0x00007FF6D481FB05+28789]
	(No symbol) [0x00007FF6D47886E0]
	(No symbol) [0x00007FF6D462592A]
	(No symbol) [0x00007FF6D4623028]
	(No symbol) [0x00007FF6D4613BF9]
	(No symbol) [0x00007FF6D461594F]
	(No symbol) [0x00007FF6D4613EBF]
	(No symbol) [0x00007FF6D461371B]
	(No symbol) [0x00007FF6D461365A]
	(No symbol) [0x00007FF6D4611274]
	(No symbol) [0x00007FF6D4611B3C]
	(No symbol) [0x00007FF6D46289FA]
	(No symbol) [0x00007FF6D46C045E]
	(No symbol) [0x00007FF6D469F43A]
	(No symbol) [0x00007FF6D46BF654]
	(No symbol) [0x00007FF6D469F1E3]
	(No symbol) [0x00007FF6D466A938]
	(No symbol) [0x00007FF6D466BAA1]
	GetHandleVerifier [0x00007FF6D4B5933D+3410093]
	GetHandleVerifier [0x00007FF6D4B6E7DD+3497293]
	GetHandleVerifier [0x00007FF6D4B62A73+3448803]
	GetHandleVerifier [0x00007FF6D48E7BBB+848171]
	(No symbol) [0x00007FF6D4793C3F]
	(No symbol) [0x00007FF6D478F6E4]
	(No symbol) [0x00007FF6D478F87D]
	(No symbol) [0x00007FF6D477ED49]
	BaseThreadInitThunk [0x00007FFDAF01E8D7+23]
	RtlUserThreadStart [0x00007FFDB057FBCC+44]
</msg>
<arg>https://itera-qa.azurewebsites.net/home/automation</arg>
<arg>chrome</arg>
<doc>Opens a new browser instance to the optional ``url``.</doc>
<status status="FAIL" start="2024-12-19T14:22:19.009841" elapsed="27.430786">WebDriverException: Message: unknown error: net::ERR_NAME_NOT_RESOLVED
  (Session info: chrome=131.0.6778.204)
Stacktrace:
	GetHandleVerifier [0x00007FF6D481FB05+28789]
	(No symbol) [0x00007FF6D47886E0]
	(No symbol) [0x00007FF6D462592A]
	(No symbol) [0x00007FF6D4623028]
	(No symbol) [0x00007FF6D4613BF9]
	(No symbol) [0x00007FF6D461594F]
	(No symbol) [0x00007FF6D4613EBF]
	(No symbol) [0x00007FF6D461371B]
	(No symbol) [0x00007FF6D461365A]
	(No symbol) [0x00007FF6D4611274]
	(No symbol) [0x00007FF6D4611B3C]
	(No symbol) [0x00007FF6D46289FA]
	(No symbol) [0x00007FF6D46C045E]
	(No symbol) [0x00007FF6D469F43A]
	(No symbol) [0x00007FF6D46BF654]
	(No symbol) [0x00007FF6D469F1E3]
	(No symbol) [0x00007FF6D466A938]
	(No symbol) [0x00007FF6D466BAA1]
	GetHandleVerifier [0x00007FF6D4B5933D+3410093]
	GetHandleVerifier [0x00007FF6D4B6E7DD+3497293]
	GetHandleVerifier [0x00007FF6D4B62A73+3448803]
	GetHandleVerifier [0x00007FF6D48E7BBB+848171]
	(No symbol) [0x00007FF6D4793C3F]
	(No symbol) [0x00007FF6D478F6E4]
	(No symbol) [0x00007FF6D478F87D]
	(No symbol) [0x00007FF6D477ED49]
	BaseThreadInitThunk [0x00007FFDAF01E8D7+23]
	RtlUserThreadStart [0x00007FFDB057FBCC+44]
</status>
</kw>
<status status="FAIL" start="2024-12-19T14:22:19.008091" elapsed="27.433469">WebDriverException: Message: unknown error: net::ERR_NAME_NOT_RESOLVED
  (Session info: chrome=131.0.6778.204)
Stacktrace:
	GetHandleVerifier [0x00007FF6D481FB05+28789]
	(No symbol) [0x00007FF6D47886E0]
	(No symbol) [0x00007FF6D462592A]
	(No symbol) [0x00007FF6D4623028]
	(No symbol) [0x00007FF6D4613BF9]
	(No symbol) [0x00007FF6D461594F]
	(No symbol) [0x00007FF6D4613EBF]
	(No symbol) [0x00007FF6D461371B]
	(No symbol) [0x00007FF6D461365A]
	(No symbol) [0x00007FF6D4611274]
	(No symbol) [0x00007FF6D4611B3C]
	(No symbol) [0x00007FF6D46289FA]
	(No symbol) [0x00007FF6D46C045E]
	(No symbol) [0x00007FF6D469F43A]
	(No symbol) [0x00007FF6D46BF654]
	(No symbol) [0x00007FF6D469F1E3]
	(No symbol) [0x00007FF6D466A938]
	(No symbol) [0x00007FF6D466BAA1]
	GetHandleVerifier [0x00007FF6D4B5933D+3410093]
	GetHandleVerifier [0x00007FF6D4B6E7DD+3497293]
	GetHandleVerifier [0x00007FF6D4B62A73+3448803]
	GetHandleVerifier [0x00007FF6D48E7BBB+848171]
	(No symbol) [0x00007FF6D4793C3F]
	(No symbol) [0x00007FF6D478F6E4]
	(No symbol) [0x00007FF6D478F87D]
	(No symbol) [0x00007FF6D477ED49]
	BaseThreadInitThunk [0x00007FFDAF01E8D7+23]
	RtlUserThreadStart [0x00007FFDB057FBCC+44]
</status>
</kw>
<kw name="Preencher campos">
<status status="NOT RUN" start="2024-12-19T14:22:46.452141" elapsed="0.000197"/>
</kw>
<kw name="Clicar em submit">
<status status="NOT RUN" start="2024-12-19T14:22:46.453247" elapsed="0.000104"/>
</kw>
<kw name="Fechar navegador">
<status status="NOT RUN" start="2024-12-19T14:22:46.454109" elapsed="0.000140"/>
</kw>
<status status="FAIL" start="2024-12-19T14:22:19.005979" elapsed="27.449239">WebDriverException: Message: unknown error: net::ERR_NAME_NOT_RESOLVED
  (Session info: chrome=131.0.6778.204)
Stacktrace:
	GetHandleVerifier [0x00007FF6D481FB05+28789]
	(No symbol) [0x00007FF6D47886E0]
	(No symbol) [0x00007FF6D462592A]
	(No symbol) [0x00007FF6D4623028]
	(No symbol) [0x00007FF6D4613BF9]
	(No symbol) [0x00007FF6D461594F]
	(No symbol) [0x00007FF6D4613EBF]
	(No symbol) [0x00007FF6D461371B]
	(No symbol) [0x00007FF6D461365A]
	(No symbol) [0x00007FF6D4611274]
	(No symbol) [0x00007FF6D4611B3C]
	(No symbol) [0x00007FF6D46289FA]
	(No symbol) [0x00007FF6D46C045E]
	(No symbol) [0x00007FF6D469F43A]
	(No symbol) [0x00007FF6D46BF654]
	(No symbol) [0x00007FF6D469F1E3]
	(No symbol) [0x00007FF6D466A938]
	(No symbol) [0x00007FF6D466BAA1]
	GetHandleVerifier [0x00007FF6D4B5933D+3410093]
	GetHandleVerifier [0x00007FF6D4B6E7DD+3497293]
	GetHandleVerifier [0x00007FF6D4B62A73+3448803]
	GetHandleVerifier [0x00007FF6D48E7BBB+848171]
	(No symbol) [0x00007FF6D4793C3F]
	(No symbol) [0x00007FF6D478F6E4]
	(No symbol) [0x00007FF6D478F87D]
	(No symbol) [0x00007FF6D477ED49]
	BaseThreadInitThunk [0x00007FFDAF01E8D7+23]
	RtlUserThreadStart [0x00007FFDB057FBCC+44]
</status>
</test>
<status status="FAIL" start="2024-12-19T14:22:11.727436" elapsed="34.746773"/>
</suite>
<statistics>
<total>
<stat pass="0" fail="1" skip="0">All Tests</stat>
</total>
<tag>
</tag>
<suite>
<stat pass="0" fail="1" skip="0" id="s1" name="Form">Form</stat>
</suite>
</statistics>
<errors>
</errors>
</robot>
